This is pdfTeX, Version 3.1415926-2.5-1.40.14 (TeX Live 2013/TeX Live for SUSE Linux) (format=pdflatex 2014.3.28)  17 JUL 2014 11:10
entering extended mode
 restricted \write18 enabled.
 %&-line parsing enabled.
**ssws_aam_paper_v7.tex
(./ssws_aam_paper_v7.tex
LaTeX2e <2011/06/27>
Babel <3.9f> and hyphenation patterns for 78 languages loaded.
(./agutex.cls


 AGUTeX Journal Style, American Geophysical Union 
 This version is dated Feb 9, 2008


Document Class: agutex 02/09/2008
\c@chapter=\count79
\c@section=\count80
\c@subsection=\count81
\c@subsubsection=\count82
\c@figure=\count83
\c@table=\count84
\mathindent=\dimen102
\abovefigcaptionskip=\skip41
\abovetabcaptionskip=\skip42
\abovetableskip=\skip43
\belowtabcaptionskip=\dimen103
\landscapebox=\box26
\c@plate=\count85
\savecurrtable=\box27
\abovetabularskip=\skip44
\belowtabularskip=\skip45
\timing=\count86
\hourcount=\count87
\oldtime=\count88
\totpages=\count89
\belowtitleskip=\dimen104
\abovesubtitleskip=\dimen105
\belowsubtitleskip=\dimen106
\aboveauthorskip=\dimen107
\belowauthorskip=\dimen108
\thanksnum=\count90
\dothanks=\count91
\thankscounter=\count92
\titlethanksnum=\count93
\dotitlethanks=\count94
\titlethankscounter=\count95
\thanksnum=\count96
\dothanks=\count97
\thankscounter=\count98
\authorwidth=\dimen109
\authorbaselineskip=\dimen110
\aboveaffilskip=\dimen111
\belowaffilskip=\dimen112
\affilwidth=\dimen113
\aboveabstractskip=\dimen114
\belowabstractskip=\dimen115
\belowabstractnameskip=\dimen116
\abstractmargin=\dimen117
\abovereceivedskip=\skip46
\aboverevisedskip=\skip47
\aboveacceptedskip=\skip48
\abovepublishededskip=\skip49
\barticle=\box28
\thanksbox=\box29
\titlethanksbox=\box30
\c@appendnum=\count99
\footnum=\count100
\savefootnum=\count101
\ackskip=\skip50
\saveparskip=\dimen118
\captionskip=\dimen119
\PushOneColTopFig=\dimen120
\PushOneColBotFig=\dimen121
\PushOneColTopTab=\dimen122
\PushOneColBotTab=\dimen123
\PushTwoColTopFig=\dimen124
\PushTwoColBotFig=\dimen125
\PushTwoColTopTab=\dimen126
\PushTwoColBotTab=\dimen127
\intextfloatskip=\skip51
\c@appfigure=\count102
\c@apptable=\count103
\c@appplate=\count104
\checkforspace=\dimen128
\savetopinsert=\box31
\savebotinsert=\box32
\secondsavetopinsert=\box33
\secondsavebotinsert=\box34
\firstcolbox=\box35
\secondcolbox=\box36
\thefirstbox=\box37
\thesecondbox=\box38
\firstcol=\dimen129
\secondcol=\dimen130
\checkheight=\dimen131
\loopnum=\count105
\firstcolsavefignum=\count106
\footnotebox=\box39
\ColUsed=\dimen132
\FigSpace=\dimen133
\testdblbotins=\box40
\pageloopnum=\count107
\endcolsavetopinsert=\box41
\endcolsavebotinsert=\box42
\testpagesize=\box43
\savelastskip=\dimen134
\partialpage=\box44
\figandtabnumber=\count108
\figandtabbox=\box45
\pagefloatnumber=\count109
\sizeoffloat=\box46
\bogus=\count110
\figinsert=\insert233
\herebox=\box47
\endfigbox=\box48
\spanbox=\box49
\dbltopins=\box50
\dblbotins=\box51
\dblbotskip=\skip52
\dblfigandtabnumber=\count111
\dblfigandtabbox=\box52
\dblloopnum=\count112
\savedblfigandtabnumber=\count113
\dblspanherebox=\box53
\bigpagenum=\count114
\littlepagenum=\count115
\wholepagenum=\count116
\@cprtype=\count117
\@slugcmmntwidth=\dimen135
\affilnum=\count118
\totalaffils=\count119
\figcount=\count120
\saveequation=\count121
\c@currlett=\count122
\notationwidth=\dimen136
\betweennotationskip=\skip53
\WidestEntry=\dimen137
\premulticols=\dimen138
\page@free=\dimen139
\partial@page=\box54
\multicoltolerance=\count123
\doublecol@number=\count124
\multicolbaselineskip=\skip54
\c@collectmore=\count125
\loopcount=\count126
\fixdimen=\dimen140
\c@unbalance=\count127
\savedimen=\dimen141
\savehsize=\dimen142
\mycolumnwidth=\dimen143
\saveparindent=\dimen144
\saveparskip=\dimen145
\abstractwidth=\dimen146
\currlastnumber=\count128
\altaffilbox=\box55
\sectskip=\skip55
\belowsectionskip=\skip56
\subsectskip=\skip57
\belowsubsectskip=\skip58
\subsubsectskip=\skip59
\belowsubsubsectskip=\skip60
\c@subsubsubsection=\count129
\captionwidth=\dimen147
\widecaptionwidth=\dimen148
\landscapecaptionwidth=\dimen149
\@temptokenb=\toks14
\beforeendskip=\skip61


 JGRGA style option, October 1, 2001,
 \documentclass[jgrga]{AGUTeX}
 ``Journal of Geophysical Research'', 
 Published by American Geophysical Union


\titlesize=\dimen150
LaTeX Info: Redefining \cite on input line 7417.
\c@NAT@ctr=\count130
) (./lineno.sty
Package: lineno 2005/11/02 line numbers on paragraphs v4.41
\linenopenalty=\count131
\output=\toks15
\linenoprevgraf=\count132
\linenumbersep=\dimen151
\linenumberwidth=\dimen152
\c@linenumber=\count133
\c@pagewiselinenumber=\count134
\c@LN@truepage=\count135
\c@internallinenumber=\count136
\c@internallinenumbers=\count137
\quotelinenumbersep=\dimen153
\bframerule=\dimen154
\bframesep=\dimen155
\bframebox=\box56
LaTeX Info: Redefining \\ on input line 3056.
) (/usr/share/texmf/tex/latex/graphics/graphicx.sty
Package: graphicx 1999/02/16 v1.0f Enhanced LaTeX Graphics (DPC,SPQR)

(/usr/share/texmf/tex/latex/graphics/keyval.sty
Package: keyval 1999/03/16 v1.13 key=value parser (DPC)
\KV@toks@=\toks16
)
(/usr/share/texmf/tex/latex/graphics/graphics.sty
Package: graphics 2009/02/05 v1.0o Standard LaTeX Graphics (DPC,SPQR)

(/usr/share/texmf/tex/latex/graphics/trig.sty
Package: trig 1999/03/16 v1.09 sin cos tan (DPC)
)
(/usr/share/texmf/tex/latex/latexconfig/graphics.cfg
File: graphics.cfg 2010/04/23 v1.9 graphics configuration of TeX Live
)
Package graphics Info: Driver file: dvips.def on input line 91.

(/usr/share/texmf/tex/latex/graphics/dvips.def
File: dvips.def 1999/02/16 v3.0i Driver-dependant file (DPC,SPQR)
))
\Gin@req@height=\dimen156
\Gin@req@width=\dimen157
)
(/usr/share/texmf/tex/latex/amsmath/amsmath.sty
Package: amsmath 2013/01/14 v2.14 AMS math features
\@mathmargin=\skip62

For additional information on amsmath, use the `?' option.
(/usr/share/texmf/tex/latex/amsmath/amstext.sty
Package: amstext 2000/06/29 v2.01

(/usr/share/texmf/tex/latex/amsmath/amsgen.sty
File: amsgen.sty 1999/11/30 v2.0
\@emptytoks=\toks17
\ex@=\dimen158
))
(/usr/share/texmf/tex/latex/amsmath/amsbsy.sty
Package: amsbsy 1999/11/29 v1.2d
\pmbraise@=\dimen159
)
(/usr/share/texmf/tex/latex/amsmath/amsopn.sty
Package: amsopn 1999/12/14 v2.01 operator names
)
\inf@bad=\count138
LaTeX Info: Redefining \frac on input line 210.
\uproot@=\count139
\leftroot@=\count140
LaTeX Info: Redefining \overline on input line 306.
\classnum@=\count141
\DOTSCASE@=\count142
LaTeX Info: Redefining \ldots on input line 378.
LaTeX Info: Redefining \dots on input line 381.
LaTeX Info: Redefining \cdots on input line 466.
\Mathstrutbox@=\box57
\strutbox@=\box58
\big@size=\dimen160
LaTeX Font Info:    Redeclaring font encoding OML on input line 566.
LaTeX Font Info:    Redeclaring font encoding OMS on input line 567.
\macc@depth=\count143
\c@MaxMatrixCols=\count144
\dotsspace@=\muskip10
\c@parentequation=\count145
\dspbrk@lvl=\count146
\tag@help=\toks18
\row@=\count147
\column@=\count148
\maxfields@=\count149
\andhelp@=\toks19
\eqnshift@=\dimen161
\alignsep@=\dimen162
\tagshift@=\dimen163
\tagwidth@=\dimen164
\totwidth@=\dimen165
\lineht@=\dimen166
\@envbody=\toks20
\multlinegap=\skip63
\multlinetaggap=\skip64
\mathdisplay@stack=\toks21
LaTeX Info: Redefining \[ on input line 2665.
LaTeX Info: Redefining \] on input line 2666.
)
(/usr/share/texmf/tex/latex/graphics/color.sty
Package: color 2005/11/14 v1.0j Standard LaTeX Color (DPC)

(/usr/share/texmf/tex/latex/latexconfig/color.cfg
File: color.cfg 2007/01/18 v1.5 color configuration of teTeX/TeXLive
)
Package color Info: Driver file: pdftex.def on input line 130.

(/usr/share/texmf/tex/latex/pdftex-def/pdftex.def
File: pdftex.def 2011/05/27 v0.06d Graphics/color for pdfTeX

(/usr/share/texmf/tex/generic/oberdiek/infwarerr.sty
Package: infwarerr 2010/04/08 v1.3 Providing info/warning/error messages (HO)
)
(/usr/share/texmf/tex/generic/oberdiek/ltxcmds.sty
Package: ltxcmds 2011/11/09 v1.22 LaTeX kernel commands for general use (HO)
)
\Gread@gobject=\count150
))
(/usr/share/texmf/tex/latex/soul/soul.sty
Package: soul 2003/11/17 v2.4 letterspacing/underlining (mf)
\SOUL@word=\toks22
\SOUL@lasttoken=\toks23
\SOUL@cmds=\toks24
\SOUL@buffer=\toks25
\SOUL@token=\toks26
\SOUL@spaceskip=\skip65
\SOUL@ttwidth=\dimen167
\SOUL@uldp=\dimen168
\SOUL@ulht=\dimen169
)
(/usr/share/texmf/tex/generic/ulem/ulem.sty
\UL@box=\box59
\UL@hyphenbox=\box60
\UL@skip=\skip66
\UL@hook=\toks27
\UL@height=\dimen170
\UL@pe=\count151
\UL@pixel=\dimen171
\ULC@box=\box61
Package: ulem 2012/05/18
\ULdepth=\dimen172
)
(/usr/share/texmf/tex/latex/url/url.sty
\Urlmuskip=\muskip11
Package: url 2006/04/12  ver 3.3  Verb mode for urls, etc.
)
(/usr/share/texmf/tex/latex/graphics/lscape.sty
Package: lscape 2000/10/22 v3.01 Landscape Pages (DPC)
) (./epstopdf.sty
Package: epstopdf 2010/02/09 v2.5 Conversion with epstopdf on the fly (HO)

(./epstopdf-base.sty
Package: epstopdf-base 2010/02/09 v2.5 Base part for package epstopdf
 (/usr/share/texmf/tex/latex/oberdiek/grfext.sty
Package: grfext 2010/08/19 v1.1 Manage graphics extensions (HO)

(/usr/share/texmf/tex/generic/oberdiek/kvdefinekeys.sty
Package: kvdefinekeys 2011/04/07 v1.3 Define keys (HO)
))
(/usr/share/texmf/tex/latex/oberdiek/kvoptions.sty
Package: kvoptions 2011/06/30 v3.11 Key value format for package options (HO)

(/usr/share/texmf/tex/generic/oberdiek/kvsetkeys.sty
Package: kvsetkeys 2012/04/25 v1.16 Key value parser (HO)

(/usr/share/texmf/tex/generic/oberdiek/etexcmds.sty
Package: etexcmds 2011/02/16 v1.5 Avoid name clashes with e-TeX commands (HO)

(/usr/share/texmf/tex/generic/oberdiek/ifluatex.sty
Package: ifluatex 2010/03/01 v1.3 Provides the ifluatex switch (HO)
Package ifluatex Info: LuaTeX not detected.
)
Package etexcmds Info: Could not find \expanded.
(etexcmds)             That can mean that you are not using pdfTeX 1.50 or
(etexcmds)             that some package has redefined \expanded.
(etexcmds)             In the latter case, load this package earlier.
)))
(/usr/share/texmf/tex/generic/oberdiek/pdftexcmds.sty
Package: pdftexcmds 2011/11/29 v0.20 Utility functions of pdfTeX for LuaTeX (HO
)

(/usr/share/texmf/tex/generic/oberdiek/ifpdf.sty
Package: ifpdf 2011/01/30 v2.3 Provides the ifpdf switch (HO)
Package ifpdf Info: pdfTeX in PDF mode is detected.
)
Package pdftexcmds Info: LuaTeX not detected.
Package pdftexcmds Info: \pdf@primitive is available.
Package pdftexcmds Info: \pdf@ifprimitive is available.
Package pdftexcmds Info: \pdfdraftmode found.
)
Package epstopdf-base Info: Redefining graphics rule for `.eps' on input line 4
34.
Package grfext Info: Graphics extension search list:
(grfext)             [.png,.pdf,.jpg,.mps,.jpeg,.jbig2,.jb2,.PNG,.PDF,.JPG,.JPE
G,.JBIG2,.JB2,.eps]
(grfext)             \AppendGraphicsExtensions on input line 452.

(/usr/share/texmf/tex/latex/latexconfig/epstopdf-sys.cfg
File: epstopdf-sys.cfg 2010/07/13 v1.3 Configuration of (r)epstopdf for TeX Liv
e
)))
(./ssws_aam_paper_v7.aux)
\openout1 = `ssws_aam_paper_v7.aux'.

LaTeX Font Info:    Checking defaults for OML/cmm/m/it on input line 146.
LaTeX Font Info:    ... okay on input line 146.
LaTeX Font Info:    Checking defaults for T1/cmr/m/n on input line 146.
LaTeX Font Info:    ... okay on input line 146.
LaTeX Font Info:    Checking defaults for OT1/cmr/m/n on input line 146.
LaTeX Font Info:    ... okay on input line 146.
LaTeX Font Info:    Checking defaults for OMS/cmsy/m/n on input line 146.
LaTeX Font Info:    ... okay on input line 146.
LaTeX Font Info:    Checking defaults for OMX/cmex/m/n on input line 146.
LaTeX Font Info:    ... okay on input line 146.
LaTeX Font Info:    Checking defaults for U/cmr/m/n on input line 146.
LaTeX Font Info:    ... okay on input line 146.
 (/usr/share/texmf/tex/context/base/supp-pdf.mkii
[Loading MPS to PDF converter (version 2006.09.02).]
\scratchcounter=\count152
\scratchdimen=\dimen173
\scratchbox=\box62
\nofMPsegments=\count153
\nofMParguments=\count154
\everyMPshowfont=\toks28
\MPscratchCnt=\count155
\MPscratchDim=\dimen174
\MPnumerator=\count156
\makeMPintoPDFobject=\count157
\everyMPtoPDFconversion=\toks29
) [1{/usr/share/texmf/fonts/map/pdftex/updmap/pdftex.map}

]
Underfull \hbox (badness 10000) in paragraph at lines 213--213
\OT1/cmr/bx/n/12 Abstract.   \OT1/cmr/m/n/12 Strato-spheric sud-den warm-ings (
SSWs) are ex-treme events
 []


Overfull \hbox (12.01164pt too wide) in paragraph at lines 213--213
\OT1/cmr/m/n/12 tro-po-spheric flow. This means that SSWs are as-so-ci-ated wit
h changes in the
 []


Overfull \hbox (15.76717pt too wide) in paragraph at lines 213--213
\OT1/cmr/m/n/12 an-gu-lar mo-men-tum of the at-mo-sphere, both be-fore and af-t
er their on-set. Be-
 []


Overfull \hbox (37.31007pt too wide) in paragraph at lines 213--213
\OT1/cmr/m/n/12 pre-cedes SSWs by 20-40 days. The po-lar mo-tion sig-nal is due
 to pres-sure anoma-
 []


Overfull \hbox (15.25058pt too wide) in paragraph at lines 213--213
\OT1/cmr/m/n/12 is found to be due to anoma-lous east-erly winds gen-er-ated in
 the trop-i-cal tro-
 []


Underfull \hbox (badness 10000) in paragraph at lines 213--213
\OT1/cmr/m/n/12 po-sphere around this time, though the struc-ture and tim-ing o
f this sig-nal
 []

[2] [3] [4] [5] [6] [7] [8] [9] [10] [11] [12] [13] [14] [15] [16] [17]
[18] [19] [20] [21] [22] [23] [24] [25] [26] [27] [28] (./ssws_aam_paper_v7.aux
) ) 
Here is how much of TeX's memory you used:
 3644 strings out of 493315
 46351 string characters out of 6145893
 132430 words of memory out of 5000000
 7056 multiletter control sequences out of 15000+600000
 14710 words of font info for 52 fonts, out of 8000000 for 9000
 957 hyphenation exceptions out of 8191
 42i,10n,25p,615b,481s stack positions out of 5000i,500n,10000p,200000b,80000s
</usr/share/texmf/fonts/type1/public/amsfonts/cm/cmbx12.pfb></usr/share/texm
f/fonts/type1/public/amsfonts/cm/cmex10.pfb></usr/share/texmf/fonts/type1/publi
c/amsfonts/cm/cmmi12.pfb></usr/share/texmf/fonts/type1/public/amsfonts/cm/cmmi8
.pfb></usr/share/texmf/fonts/type1/public/amsfonts/cm/cmr10.pfb></usr/share/tex
mf/fonts/type1/public/amsfonts/cm/cmr12.pfb></usr/share/texmf/fonts/type1/publi
c/amsfonts/cm/cmr8.pfb></usr/share/texmf/fonts/type1/public/amsfonts/cm/cmss8.p
fb></usr/share/texmf/fonts/type1/public/amsfonts/cm/cmsy10.pfb></usr/share/texm
f/fonts/type1/public/amsfonts/cm/cmsy8.pfb></usr/share/texmf/fonts/type1/public
/amsfonts/cm/cmti12.pfb></usr/share/texmf/fonts/type1/public/amsfonts/cm/cmtt12
.pfb>
Output written on ssws_aam_paper_v7.pdf (28 pages, 204997 bytes).
PDF statistics:
 142 PDF objects out of 1000 (max. 8388607)
 99 compressed objects within 1 object stream
 0 named destinations out of 1000 (max. 500000)
 1 words of extra memory for PDF output out of 10000 (max. 10000000)

